app/build/intermediates/manifest_merge_blame_file/debug/processDebugMainManifest/manifest-merger-blame-debug-report.txt
1<?xml version="1.0" encoding="utf-8"?>
2<manifest xmlns:android="http://schemas.android.com/apk/res/android"
3    package="com.bebedirasoi"
4    android:versionCode="1"
5    android:versionName="1.0.0" >
6
7    <uses-sdk
8        android:minSdkVersion="26"
9        android:targetSdkVersion="35" />
10
11    <uses-permission android:name="android.permission.INTERNET" />
11-->src/main/AndroidManifest.xml:3:5-67
11-->src/main/AndroidManifest.xml:3:22-64
12    <uses-permission android:name="android.permission.POST_NOTIFICATIONS" />
12-->src/main/AndroidManifest.xml:4:5-77
12-->src/main/AndroidManifest.xml:4:22-74
13
14    <queries>
14-->[com.razorpay:standard-core:1.7.8] AndroidManifest.xml:10:5-39:15
15        <intent>
15-->[com.razorpay:standard-core:1.7.8] AndroidManifest.xml:11:9-17:18
16            <action android:name="android.intent.action.VIEW" />
16-->[com.razorpay:standard-core:1.7.8] AndroidManifest.xml:12:13-65
16-->[com.razorpay:standard-core:1.7.8] AndroidManifest.xml:12:21-62
17
18            <data
18-->[com.razorpay:standard-core:1.7.8] AndroidManifest.xml:14:13-16:38
19                android:mimeType="*/*"
19-->[com.razorpay:standard-core:1.7.8] AndroidManifest.xml:15:17-39
20                android:scheme="*" />
20-->[com.razorpay:standard-core:1.7.8] AndroidManifest.xml:16:17-35
21        </intent>
22        <intent>
22-->[com.razorpay:standard-core:1.7.8] AndroidManifest.xml:18:9-27:18
23            <action android:name="android.intent.action.VIEW" />
23-->[com.razorpay:standard-core:1.7.8] AndroidManifest.xml:12:13-65
23-->[com.razorpay:standard-core:1.7.8] AndroidManifest.xml:12:21-62
24
25            <category android:name="android.intent.category.BROWSABLE" />
25-->[com.razorpay:standard-core:1.7.8] AndroidManifest.xml:21:13-74
25-->[com.razorpay:standard-core:1.7.8] AndroidManifest.xml:21:23-71
26
27            <data
27-->[com.razorpay:standard-core:1.7.8] AndroidManifest.xml:14:13-16:38
28                android:host="pay"
29                android:mimeType="*/*"
29-->[com.razorpay:standard-core:1.7.8] AndroidManifest.xml:15:17-39
30                android:scheme="upi" />
30-->[com.razorpay:standard-core:1.7.8] AndroidManifest.xml:16:17-35
31        </intent>
32        <intent>
32-->[com.razorpay:standard-core:1.7.8] AndroidManifest.xml:28:9-30:18
33            <action android:name="android.intent.action.MAIN" />
33-->src/main/AndroidManifest.xml:19:17-69
33-->src/main/AndroidManifest.xml:19:25-66
34        </intent>
35        <intent>
35-->[com.razorpay:standard-core:1.7.8] AndroidManifest.xml:31:9-35:18
36            <action android:name="android.intent.action.SEND" />
36-->[com.razorpay:standard-core:1.7.8] AndroidManifest.xml:32:13-65
36-->[com.razorpay:standard-core:1.7.8] AndroidManifest.xml:32:21-62
37
38            <data android:mimeType="*/*" />
38-->[com.razorpay:standard-core:1.7.8] AndroidManifest.xml:14:13-16:38
38-->[com.razorpay:standard-core:1.7.8] AndroidManifest.xml:15:17-39
39        </intent>
40        <intent>
40-->[com.razorpay:standard-core:1.7.8] AndroidManifest.xml:36:9-38:18
41            <action android:name="rzp.device_token.share" />
41-->[com.razorpay:standard-core:1.7.8] AndroidManifest.xml:37:13-61
41-->[com.razorpay:standard-core:1.7.8] AndroidManifest.xml:37:21-58
42        </intent>
43    </queries>
44
45    <uses-permission android:name="android.permission.ACCESS_NETWORK_STATE" />
45-->[com.google.firebase:firebase-auth:23.0.0] AndroidManifest.xml:26:5-79
45-->[com.google.firebase:firebase-auth:23.0.0] AndroidManifest.xml:26:22-76
46    <uses-permission android:name="android.permission.WAKE_LOCK" /> <!-- Required by older versions of Google Play services to create IID tokens -->
46-->[com.google.firebase:firebase-messaging:24.0.1] AndroidManifest.xml:24:5-68
46-->[com.google.firebase:firebase-messaging:24.0.1] AndroidManifest.xml:24:22-65
47    <uses-permission android:name="com.google.android.c2dm.permission.RECEIVE" />
47-->[com.google.firebase:firebase-messaging:24.0.1] AndroidManifest.xml:26:5-82
47-->[com.google.firebase:firebase-messaging:24.0.1] AndroidManifest.xml:26:22-79
48
49    <uses-feature
49-->[com.google.android.gms:play-services-maps:17.0.0] AndroidManifest.xml:26:5-28:35
50        android:glEsVersion="0x00020000"
50-->[com.google.android.gms:play-services-maps:17.0.0] AndroidManifest.xml:27:9-41
51        android:required="true" />
51-->[com.google.android.gms:play-services-maps:17.0.0] AndroidManifest.xml:28:9-32
52
53    <uses-permission android:name="com.google.android.providers.gsf.permission.READ_GSERVICES" />
53-->[com.google.android.recaptcha:recaptcha:18.4.0] AndroidManifest.xml:9:5-98
53-->[com.google.android.recaptcha:recaptcha:18.4.0] AndroidManifest.xml:9:22-95
54
55    <permission
55-->[androidx.core:core:1.13.1] AndroidManifest.xml:22:5-24:47
56        android:name="com.bebedirasoi.DYNAMIC_RECEIVER_NOT_EXPORTED_PERMISSION"
56-->[androidx.core:core:1.13.1] AndroidManifest.xml:23:9-81
57        android:protectionLevel="signature" />
57-->[androidx.core:core:1.13.1] AndroidManifest.xml:24:9-44
58
59    <uses-permission android:name="com.bebedirasoi.DYNAMIC_RECEIVER_NOT_EXPORTED_PERMISSION" /> <!-- Normal permission, automatically granted on API 23+ -->
59-->[androidx.core:core:1.13.1] AndroidManifest.xml:26:5-97
59-->[androidx.core:core:1.13.1] AndroidManifest.xml:26:22-94
60    <uses-permission android:name="android.permission.READ_BASIC_PHONE_STATE" />
60-->[com.razorpay:core:1.0.8] AndroidManifest.xml:10:5-81
60-->[com.razorpay:core:1.0.8] AndroidManifest.xml:10:22-78
61
62    <application
62-->src/main/AndroidManifest.xml:6:5-31:19
63        android:name="com.bebedirasoi.BebeDiRasoiApp"
63-->src/main/AndroidManifest.xml:7:9-39
64        android:allowBackup="true"
64-->src/main/AndroidManifest.xml:8:9-35
65        android:appComponentFactory="androidx.core.app.CoreComponentFactory"
65-->[androidx.core:core:1.13.1] AndroidManifest.xml:28:18-86
66        android:debuggable="true"
67        android:extractNativeLibs="false"
68        android:icon="@mipmap/ic_launcher"
68-->src/main/AndroidManifest.xml:9:9-43
69        android:label="Bebe Di Rasoi"
69-->src/main/AndroidManifest.xml:10:9-38
70        android:roundIcon="@mipmap/ic_launcher_round"
70-->src/main/AndroidManifest.xml:11:9-54
71        android:supportsRtl="true"
71-->src/main/AndroidManifest.xml:12:9-35
72        android:testOnly="true"
73        android:theme="@style/Theme.BebeDiRasoi" >
73-->src/main/AndroidManifest.xml:13:9-49
74        <activity
74-->src/main/AndroidManifest.xml:15:9-22:20
75            android:name="com.bebedirasoi.MainActivity"
75-->src/main/AndroidManifest.xml:16:13-41
76            android:exported="true" >
76-->src/main/AndroidManifest.xml:17:13-36
77            <intent-filter>
77-->src/main/AndroidManifest.xml:18:13-21:29
78                <action android:name="android.intent.action.MAIN" />
78-->src/main/AndroidManifest.xml:19:17-69
78-->src/main/AndroidManifest.xml:19:25-66
79
80                <category android:name="android.intent.category.LAUNCHER" />
80-->src/main/AndroidManifest.xml:20:17-77
80-->src/main/AndroidManifest.xml:20:27-74
81            </intent-filter>
82        </activity>
83
84        <service
84-->src/main/AndroidManifest.xml:24:9-30:19
85            android:name="com.bebedirasoi.data.remote.BebeFirebaseMessagingService"
85-->src/main/AndroidManifest.xml:25:13-69
86            android:exported="false" >
86-->src/main/AndroidManifest.xml:26:13-37
87            <intent-filter>
87-->src/main/AndroidManifest.xml:27:13-29:29
88                <action android:name="com.google.firebase.MESSAGING_EVENT" />
88-->src/main/AndroidManifest.xml:28:17-78
88-->src/main/AndroidManifest.xml:28:25-75
89            </intent-filter>
90        </service>
91
92        <activity
92-->[com.razorpay:standard-core:1.7.8] AndroidManifest.xml:42:9-50:20
93            android:name="com.razorpay.CheckoutActivity"
93-->[com.razorpay:standard-core:1.7.8] AndroidManifest.xml:43:13-57
94            android:configChanges="keyboard|keyboardHidden|orientation|screenSize"
94-->[com.razorpay:standard-core:1.7.8] AndroidManifest.xml:44:13-83
95            android:exported="false"
95-->[com.razorpay:standard-core:1.7.8] AndroidManifest.xml:45:13-37
96            android:theme="@style/CheckoutTheme" >
96-->[com.razorpay:standard-core:1.7.8] AndroidManifest.xml:46:13-49
97            <intent-filter>
97-->[com.razorpay:standard-core:1.7.8] AndroidManifest.xml:47:13-49:29
98                <action android:name="android.intent.action.MAIN" />
98-->src/main/AndroidManifest.xml:19:17-69
98-->src/main/AndroidManifest.xml:19:25-66
99            </intent-filter>
100        </activity>
101
102        <provider
102-->[com.razorpay:standard-core:1.7.8] AndroidManifest.xml:52:9-63:20
103            android:name="androidx.startup.InitializationProvider"
103-->[com.razorpay:standard-core:1.7.8] AndroidManifest.xml:53:13-67
104            android:authorities="com.bebedirasoi.androidx-startup"
104-->[com.razorpay:standard-core:1.7.8] AndroidManifest.xml:54:13-68
105            android:exported="false" >
105-->[com.razorpay:standard-core:1.7.8] AndroidManifest.xml:55:13-37
106            <meta-data
106-->[com.razorpay:standard-core:1.7.8] AndroidManifest.xml:57:13-59:52
107                android:name="com.razorpay.RazorpayInitializer"
107-->[com.razorpay:standard-core:1.7.8] AndroidManifest.xml:58:17-64
108                android:value="androidx.startup" />
108-->[com.razorpay:standard-core:1.7.8] AndroidManifest.xml:59:17-49
109            <meta-data
109-->[com.razorpay:standard-core:1.7.8] AndroidManifest.xml:60:13-62:52
110                android:name="com.razorpay.CoreInitializer"
110-->[com.razorpay:standard-core:1.7.8] AndroidManifest.xml:61:17-60
111                android:value="androidx.startup" />
111-->[com.razorpay:standard-core:1.7.8] AndroidManifest.xml:62:17-49
112            <meta-data
112-->[androidx.emoji2:emoji2:1.3.0] AndroidManifest.xml:29:13-31:52
113                android:name="androidx.emoji2.text.EmojiCompatInitializer"
113-->[androidx.emoji2:emoji2:1.3.0] AndroidManifest.xml:30:17-75
114                android:value="androidx.startup" />
114-->[androidx.emoji2:emoji2:1.3.0] AndroidManifest.xml:31:17-49
115            <meta-data
115-->[androidx.lifecycle:lifecycle-process:2.8.6] AndroidManifest.xml:29:13-31:52
116                android:name="androidx.lifecycle.ProcessLifecycleInitializer"
116-->[androidx.lifecycle:lifecycle-process:2.8.6] AndroidManifest.xml:30:17-78
117                android:value="androidx.startup" />
117-->[androidx.lifecycle:lifecycle-process:2.8.6] AndroidManifest.xml:31:17-49
118            <meta-data
118-->[androidx.profileinstaller:profileinstaller:1.3.1] AndroidManifest.xml:29:13-31:52
119                android:name="androidx.profileinstaller.ProfileInstallerInitializer"
119-->[androidx.profileinstaller:profileinstaller:1.3.1] AndroidManifest.xml:30:17-85
120                android:value="androidx.startup" />
120-->[androidx.profileinstaller:profileinstaller:1.3.1] AndroidManifest.xml:31:17-49
121        </provider>
122
123        <activity
123-->[com.razorpay:standard-core:1.7.8] AndroidManifest.xml:65:9-68:75
124            android:name="com.razorpay.MagicXActivity"
124-->[com.razorpay:standard-core:1.7.8] AndroidManifest.xml:66:13-55
125            android:exported="false"
125-->[com.razorpay:standard-core:1.7.8] AndroidManifest.xml:67:13-37
126            android:theme="@android:style/Theme.Translucent.NoTitleBar" />
126-->[com.razorpay:standard-core:1.7.8] AndroidManifest.xml:68:13-72
127
128        <service
128-->[com.google.firebase:firebase-auth-ktx:23.0.0] AndroidManifest.xml:8:9-14:19
129            android:name="com.google.firebase.components.ComponentDiscoveryService"
129-->[com.google.firebase:firebase-auth-ktx:23.0.0] AndroidManifest.xml:9:13-84
130            android:directBootAware="true"
130-->[com.google.firebase:firebase-common:21.0.0] AndroidManifest.xml:32:13-43
131            android:exported="false" >
131-->[com.google.firebase:firebase-auth-ktx:23.0.0] AndroidManifest.xml:10:13-37
132            <meta-data
132-->[com.google.firebase:firebase-auth-ktx:23.0.0] AndroidManifest.xml:11:13-13:85
133                android:name="com.google.firebase.components:com.google.firebase.auth.ktx.FirebaseAuthLegacyRegistrar"
133-->[com.google.firebase:firebase-auth-ktx:23.0.0] AndroidManifest.xml:12:17-119
134                android:value="com.google.firebase.components.ComponentRegistrar" />
134-->[com.google.firebase:firebase-auth-ktx:23.0.0] AndroidManifest.xml:13:17-82
135            <meta-data
135-->[com.google.firebase:firebase-auth:23.0.0] AndroidManifest.xml:69:13-71:85
136                android:name="com.google.firebase.components:com.google.firebase.auth.FirebaseAuthRegistrar"
136-->[com.google.firebase:firebase-auth:23.0.0] AndroidManifest.xml:70:17-109
137                android:value="com.google.firebase.components.ComponentRegistrar" />
137-->[com.google.firebase:firebase-auth:23.0.0] AndroidManifest.xml:71:17-82
138            <meta-data
138-->[com.google.firebase:firebase-firestore-ktx:25.1.0] AndroidManifest.xml:12:13-14:85
139                android:name="com.google.firebase.components:com.google.firebase.firestore.ktx.FirebaseFirestoreLegacyRegistrar"
139-->[com.google.firebase:firebase-firestore-ktx:25.1.0] AndroidManifest.xml:13:17-129
140                android:value="com.google.firebase.components.ComponentRegistrar" />
140-->[com.google.firebase:firebase-firestore-ktx:25.1.0] AndroidManifest.xml:14:17-82
141            <meta-data
141-->[com.google.firebase:firebase-firestore:25.1.0] AndroidManifest.xml:17:13-19:85
142                android:name="com.google.firebase.components:com.google.firebase.firestore.FirebaseFirestoreKtxRegistrar"
142-->[com.google.firebase:firebase-firestore:25.1.0] AndroidManifest.xml:18:17-122
143                android:value="com.google.firebase.components.ComponentRegistrar" />
143-->[com.google.firebase:firebase-firestore:25.1.0] AndroidManifest.xml:19:17-82
144            <meta-data
144-->[com.google.firebase:firebase-firestore:25.1.0] AndroidManifest.xml:20:13-22:85
145                android:name="com.google.firebase.components:com.google.firebase.firestore.FirestoreRegistrar"
145-->[com.google.firebase:firebase-firestore:25.1.0] AndroidManifest.xml:21:17-111
146                android:value="com.google.firebase.components.ComponentRegistrar" />
146-->[com.google.firebase:firebase-firestore:25.1.0] AndroidManifest.xml:22:17-82
147            <meta-data
147-->[com.google.firebase:firebase-messaging-ktx:24.0.1] AndroidManifest.xml:26:13-28:85
148                android:name="com.google.firebase.components:com.google.firebase.messaging.ktx.FirebaseMessagingLegacyRegistrar"
148-->[com.google.firebase:firebase-messaging-ktx:24.0.1] AndroidManifest.xml:27:17-129
149                android:value="com.google.firebase.components.ComponentRegistrar" />
149-->[com.google.firebase:firebase-messaging-ktx:24.0.1] AndroidManifest.xml:28:17-82
150            <meta-data
150-->[com.google.firebase:firebase-messaging:24.0.1] AndroidManifest.xml:57:13-59:85
151                android:name="com.google.firebase.components:com.google.firebase.messaging.FirebaseMessagingKtxRegistrar"
151-->[com.google.firebase:firebase-messaging:24.0.1] AndroidManifest.xml:58:17-122
152                android:value="com.google.firebase.components.ComponentRegistrar" />
152-->[com.google.firebase:firebase-messaging:24.0.1] AndroidManifest.xml:59:17-82
153            <meta-data
153-->[com.google.firebase:firebase-messaging:24.0.1] AndroidManifest.xml:60:13-62:85
154                android:name="com.google.firebase.components:com.google.firebase.messaging.FirebaseMessagingRegistrar"
154-->[com.google.firebase:firebase-messaging:24.0.1] AndroidManifest.xml:61:17-119
155                android:value="com.google.firebase.components.ComponentRegistrar" />
155-->[com.google.firebase:firebase-messaging:24.0.1] AndroidManifest.xml:62:17-82
156            <meta-data
156-->[com.google.firebase:firebase-installations:18.0.0] AndroidManifest.xml:15:13-17:85
157                android:name="com.google.firebase.components:com.google.firebase.installations.FirebaseInstallationsKtxRegistrar"
157-->[com.google.firebase:firebase-installations:18.0.0] AndroidManifest.xml:16:17-130
158                android:value="com.google.firebase.components.ComponentRegistrar" />
158-->[com.google.firebase:firebase-installations:18.0.0] AndroidManifest.xml:17:17-82
159            <meta-data
159-->[com.google.firebase:firebase-installations:18.0.0] AndroidManifest.xml:18:13-20:85
160                android:name="com.google.firebase.components:com.google.firebase.installations.FirebaseInstallationsRegistrar"
160-->[com.google.firebase:firebase-installations:18.0.0] AndroidManifest.xml:19:17-127
161                android:value="com.google.firebase.components.ComponentRegistrar" />
161-->[com.google.firebase:firebase-installations:18.0.0] AndroidManifest.xml:20:17-82
162            <meta-data
162-->[com.google.firebase:firebase-common-ktx:21.0.0] AndroidManifest.xml:12:13-14:85
163                android:name="com.google.firebase.components:com.google.firebase.ktx.FirebaseCommonLegacyRegistrar"
163-->[com.google.firebase:firebase-common-ktx:21.0.0] AndroidManifest.xml:13:17-116
164                android:value="com.google.firebase.components.ComponentRegistrar" />
164-->[com.google.firebase:firebase-common-ktx:21.0.0] AndroidManifest.xml:14:17-82
165            <meta-data
165-->[com.google.firebase:firebase-common:21.0.0] AndroidManifest.xml:35:13-37:85
166                android:name="com.google.firebase.components:com.google.firebase.FirebaseCommonKtxRegistrar"
166-->[com.google.firebase:firebase-common:21.0.0] AndroidManifest.xml:36:17-109
167                android:value="com.google.firebase.components.ComponentRegistrar" />
167-->[com.google.firebase:firebase-common:21.0.0] AndroidManifest.xml:37:17-82
168            <meta-data
168-->[com.google.firebase:firebase-datatransport:18.2.0] AndroidManifest.xml:25:13-27:85
169                android:name="com.google.firebase.components:com.google.firebase.datatransport.TransportRegistrar"
169-->[com.google.firebase:firebase-datatransport:18.2.0] AndroidManifest.xml:26:17-115
170                android:value="com.google.firebase.components.ComponentRegistrar" />
170-->[com.google.firebase:firebase-datatransport:18.2.0] AndroidManifest.xml:27:17-82
171        </service>
172
173        <activity
173-->[com.google.firebase:firebase-auth:23.0.0] AndroidManifest.xml:29:9-46:20
174            android:name="com.google.firebase.auth.internal.GenericIdpActivity"
174-->[com.google.firebase:firebase-auth:23.0.0] AndroidManifest.xml:30:13-80
175            android:excludeFromRecents="true"
175-->[com.google.firebase:firebase-auth:23.0.0] AndroidManifest.xml:31:13-46
176            android:exported="true"
176-->[com.google.firebase:firebase-auth:23.0.0] AndroidManifest.xml:32:13-36
177            android:launchMode="singleTask"
177-->[com.google.firebase:firebase-auth:23.0.0] AndroidManifest.xml:33:13-44
178            android:theme="@android:style/Theme.Translucent.NoTitleBar" >
178-->[com.google.firebase:firebase-auth:23.0.0] AndroidManifest.xml:34:13-72
179            <intent-filter>
179-->[com.google.firebase:firebase-auth:23.0.0] AndroidManifest.xml:35:13-45:29
180                <action android:name="android.intent.action.VIEW" />
180-->[com.razorpay:standard-core:1.7.8] AndroidManifest.xml:12:13-65
180-->[com.razorpay:standard-core:1.7.8] AndroidManifest.xml:12:21-62
181
182                <category android:name="android.intent.category.DEFAULT" />
182-->[com.google.firebase:firebase-auth:23.0.0] AndroidManifest.xml:38:17-76
182-->[com.google.firebase:firebase-auth:23.0.0] AndroidManifest.xml:38:27-73
183                <category android:name="android.intent.category.BROWSABLE" />
183-->[com.razorpay:standard-core:1.7.8] AndroidManifest.xml:21:13-74
183-->[com.razorpay:standard-core:1.7.8] AndroidManifest.xml:21:23-71
184
185                <data
185-->[com.razorpay:standard-core:1.7.8] AndroidManifest.xml:14:13-16:38
186                    android:host="firebase.auth"
187                    android:path="/"
188                    android:scheme="genericidp" />
188-->[com.razorpay:standard-core:1.7.8] AndroidManifest.xml:16:17-35
189            </intent-filter>
190        </activity>
191        <activity
191-->[com.google.firebase:firebase-auth:23.0.0] AndroidManifest.xml:47:9-64:20
192            android:name="com.google.firebase.auth.internal.RecaptchaActivity"
192-->[com.google.firebase:firebase-auth:23.0.0] AndroidManifest.xml:48:13-79
193            android:excludeFromRecents="true"
193-->[com.google.firebase:firebase-auth:23.0.0] AndroidManifest.xml:49:13-46
194            android:exported="true"
194-->[com.google.firebase:firebase-auth:23.0.0] AndroidManifest.xml:50:13-36
195            android:launchMode="singleTask"
195-->[com.google.firebase:firebase-auth:23.0.0] AndroidManifest.xml:51:13-44
196            android:theme="@android:style/Theme.Translucent.NoTitleBar" >
196-->[com.google.firebase:firebase-auth:23.0.0] AndroidManifest.xml:52:13-72
197            <intent-filter>
197-->[com.google.firebase:firebase-auth:23.0.0] AndroidManifest.xml:53:13-63:29
198                <action android:name="android.intent.action.VIEW" />
198-->[com.razorpay:standard-core:1.7.8] AndroidManifest.xml:12:13-65
198-->[com.razorpay:standard-core:1.7.8] AndroidManifest.xml:12:21-62
199
200                <category android:name="android.intent.category.DEFAULT" />
200-->[com.google.firebase:firebase-auth:23.0.0] AndroidManifest.xml:38:17-76
200-->[com.google.firebase:firebase-auth:23.0.0] AndroidManifest.xml:38:27-73
201                <category android:name="android.intent.category.BROWSABLE" />
201-->[com.razorpay:standard-core:1.7.8] AndroidManifest.xml:21:13-74
201-->[com.razorpay:standard-core:1.7.8] AndroidManifest.xml:21:23-71
202
203                <data
203-->[com.razorpay:standard-core:1.7.8] AndroidManifest.xml:14:13-16:38
204                    android:host="firebase.auth"
205                    android:path="/"
206                    android:scheme="recaptcha" />
206-->[com.razorpay:standard-core:1.7.8] AndroidManifest.xml:16:17-35
207            </intent-filter>
208        </activity>
209
210        <service
210-->[androidx.credentials:credentials-play-services-auth:1.2.0-rc01] AndroidManifest.xml:24:9-32:19
211            android:name="androidx.credentials.playservices.CredentialProviderMetadataHolder"
211-->[androidx.credentials:credentials-play-services-auth:1.2.0-rc01] AndroidManifest.xml:25:13-94
212            android:enabled="true"
212-->[androidx.credentials:credentials-play-services-auth:1.2.0-rc01] AndroidManifest.xml:26:13-35
213            android:exported="false" >
213-->[androidx.credentials:credentials-play-services-auth:1.2.0-rc01] AndroidManifest.xml:27:13-37
214            <meta-data
214-->[androidx.credentials:credentials-play-services-auth:1.2.0-rc01] AndroidManifest.xml:29:13-31:104
215                android:name="androidx.credentials.CREDENTIAL_PROVIDER_KEY"
215-->[androidx.credentials:credentials-play-services-auth:1.2.0-rc01] AndroidManifest.xml:30:17-76
216                android:value="androidx.credentials.playservices.CredentialProviderPlayServicesImpl" />
216-->[androidx.credentials:credentials-play-services-auth:1.2.0-rc01] AndroidManifest.xml:31:17-101
217        </service>
218
219        <activity
219-->[androidx.credentials:credentials-play-services-auth:1.2.0-rc01] AndroidManifest.xml:34:9-41:20
220            android:name="androidx.credentials.playservices.HiddenActivity"
220-->[androidx.credentials:credentials-play-services-auth:1.2.0-rc01] AndroidManifest.xml:35:13-76
221            android:configChanges="orientation|screenSize|screenLayout|keyboardHidden"
221-->[androidx.credentials:credentials-play-services-auth:1.2.0-rc01] AndroidManifest.xml:36:13-87
222            android:enabled="true"
222-->[androidx.credentials:credentials-play-services-auth:1.2.0-rc01] AndroidManifest.xml:37:13-35
223            android:exported="false"
223-->[androidx.credentials:credentials-play-services-auth:1.2.0-rc01] AndroidManifest.xml:38:13-37
224            android:fitsSystemWindows="true"
224-->[androidx.credentials:credentials-play-services-auth:1.2.0-rc01] AndroidManifest.xml:39:13-45
225            android:theme="@style/Theme.Hidden" >
225-->[androidx.credentials:credentials-play-services-auth:1.2.0-rc01] AndroidManifest.xml:40:13-48
226        </activity>
227        <activity
227-->[com.google.android.gms:play-services-auth:21.2.0] AndroidManifest.xml:23:9-27:75
228            android:name="com.google.android.gms.auth.api.signin.internal.SignInHubActivity"
228-->[com.google.android.gms:play-services-auth:21.2.0] AndroidManifest.xml:24:13-93
229            android:excludeFromRecents="true"
229-->[com.google.android.gms:play-services-auth:21.2.0] AndroidManifest.xml:25:13-46
230            android:exported="false"
230-->[com.google.android.gms:play-services-auth:21.2.0] AndroidManifest.xml:26:13-37
231            android:theme="@android:style/Theme.Translucent.NoTitleBar" />
231-->[com.google.android.gms:play-services-auth:21.2.0] AndroidManifest.xml:27:13-72
232        <!--
233            Service handling Google Sign-In user revocation. For apps that do not integrate with
234            Google Sign-In, this service will never be started.
235        -->
236        <service
236-->[com.google.android.gms:play-services-auth:21.2.0] AndroidManifest.xml:33:9-37:51
237            android:name="com.google.android.gms.auth.api.signin.RevocationBoundService"
237-->[com.google.android.gms:play-services-auth:21.2.0] AndroidManifest.xml:34:13-89
238            android:exported="true"
238-->[com.google.android.gms:play-services-auth:21.2.0] AndroidManifest.xml:35:13-36
239            android:permission="com.google.android.gms.auth.api.signin.permission.REVOCATION_NOTIFICATION"
239-->[com.google.android.gms:play-services-auth:21.2.0] AndroidManifest.xml:36:13-107
240            android:visibleToInstantApps="true" />
240-->[com.google.android.gms:play-services-auth:21.2.0] AndroidManifest.xml:37:13-48
241
242        <receiver
242-->[com.google.firebase:firebase-messaging:24.0.1] AndroidManifest.xml:29:9-40:20
243            android:name="com.google.firebase.iid.FirebaseInstanceIdReceiver"
243-->[com.google.firebase:firebase-messaging:24.0.1] AndroidManifest.xml:30:13-78
244            android:exported="true"
244-->[com.google.firebase:firebase-messaging:24.0.1] AndroidManifest.xml:31:13-36
245            android:permission="com.google.android.c2dm.permission.SEND" >
245-->[com.google.firebase:firebase-messaging:24.0.1] AndroidManifest.xml:32:13-73
246            <intent-filter>
246-->[com.google.firebase:firebase-messaging:24.0.1] AndroidManifest.xml:33:13-35:29
247                <action android:name="com.google.android.c2dm.intent.RECEIVE" />
247-->[com.google.firebase:firebase-messaging:24.0.1] AndroidManifest.xml:34:17-81
247-->[com.google.firebase:firebase-messaging:24.0.1] AndroidManifest.xml:34:25-78
248            </intent-filter>
249
250            <meta-data
250-->[com.google.firebase:firebase-messaging:24.0.1] AndroidManifest.xml:37:13-39:40
251                android:name="com.google.android.gms.cloudmessaging.FINISHED_AFTER_HANDLED"
251-->[com.google.firebase:firebase-messaging:24.0.1] AndroidManifest.xml:38:17-92
252                android:value="true" />
252-->[com.google.firebase:firebase-messaging:24.0.1] AndroidManifest.xml:39:17-37
253        </receiver>
254        <!--
255             FirebaseMessagingService performs security checks at runtime,
256             but set to not exported to explicitly avoid allowing another app to call it.
257        -->
258        <service
258-->[com.google.firebase:firebase-messaging:24.0.1] AndroidManifest.xml:46:9-53:19
259            android:name="com.google.firebase.messaging.FirebaseMessagingService"
259-->[com.google.firebase:firebase-messaging:24.0.1] AndroidManifest.xml:47:13-82
260            android:directBootAware="true"
260-->[com.google.firebase:firebase-messaging:24.0.1] AndroidManifest.xml:48:13-43
261            android:exported="false" >
261-->[com.google.firebase:firebase-messaging:24.0.1] AndroidManifest.xml:49:13-37
262            <intent-filter android:priority="-500" >
262-->src/main/AndroidManifest.xml:27:13-29:29
263                <action android:name="com.google.firebase.MESSAGING_EVENT" />
263-->src/main/AndroidManifest.xml:28:17-78
263-->src/main/AndroidManifest.xml:28:25-75
264            </intent-filter>
265        </service> <!-- Needs to be explicitly declared on P+ -->
266        <uses-library
266-->[com.google.android.gms:play-services-maps:17.0.0] AndroidManifest.xml:33:9-35:40
267            android:name="org.apache.http.legacy"
267-->[com.google.android.gms:play-services-maps:17.0.0] AndroidManifest.xml:34:13-50
268            android:required="false" />
268-->[com.google.android.gms:play-services-maps:17.0.0] AndroidManifest.xml:35:13-37
269
270        <activity
270-->[com.google.android.gms:play-services-base:18.3.0] AndroidManifest.xml:20:9-22:45
271            android:name="com.google.android.gms.common.api.GoogleApiActivity"
271-->[com.google.android.gms:play-services-base:18.3.0] AndroidManifest.xml:20:19-85
272            android:exported="false"
272-->[com.google.android.gms:play-services-base:18.3.0] AndroidManifest.xml:22:19-43
273            android:theme="@android:style/Theme.Translucent.NoTitleBar" />
273-->[com.google.android.gms:play-services-base:18.3.0] AndroidManifest.xml:21:19-78
274        <activity
274-->[androidx.compose.ui:ui-test-manifest:1.7.2] AndroidManifest.xml:23:9-25:39
275            android:name="androidx.activity.ComponentActivity"